<?xml version="1.0" encoding="UTF-8"?>
<testng-results skipped="0" failed="0" ignored="0" total="2" passed="2">
  <reporter-output>
  </reporter-output>
  <suite name="Default suite" duration-ms="25113" started-at="2020-03-06T12:14:04 IST" finished-at="2020-03-06T12:14:29 IST">
    <groups>
      <group name="cucumber">
        <method signature="TestRunner.feature(cucumber.api.testng.CucumberFeatureWrapper)[pri:0, instance:runnerfiles.TestRunner@1445d7f]" name="feature" class="runnerfiles.TestRunner"/>
      </group> <!-- cucumber -->
    </groups>
    <test name="Default test" duration-ms="25113" started-at="2020-03-06T12:14:04 IST" finished-at="2020-03-06T12:14:29 IST">
      <class name="runnerfiles.TestRunner">
        <test-method status="PASS" signature="setup()[pri:0, instance:runnerfiles.TestRunner@1445d7f]" name="setup" is-config="true" duration-ms="128" started-at="2020-03-06T12:14:03 IST" finished-at="2020-03-06T12:14:04 IST">
          <reporter-output>
          </reporter-output>
        </test-method> <!-- setup -->
        <test-method status="PASS" signature="driverSetup()[pri:0, instance:runnerfiles.TestRunner@1445d7f]" name="driverSetup" is-config="true" duration-ms="9944" started-at="2020-03-06T12:14:04 IST" finished-at="2020-03-06T12:14:13 IST">
          <reporter-output>
          </reporter-output>
        </test-method> <!-- driverSetup -->
        <test-method status="PASS" signature="setUpClass()[pri:0, instance:runnerfiles.TestRunner@1445d7f]" name="setUpClass" is-config="true" duration-ms="179" started-at="2020-03-06T12:14:13 IST" finished-at="2020-03-06T12:14:14 IST">
          <reporter-output>
          </reporter-output>
        </test-method> <!-- setUpClass -->
        <test-method status="PASS" signature="feature(cucumber.api.testng.CucumberFeatureWrapper)[pri:0, instance:runnerfiles.TestRunner@1445d7f]" name="feature" duration-ms="2821" started-at="2020-03-06T12:14:14 IST" description="Runs Cucumber Feature" data-provider="features" finished-at="2020-03-06T12:14:17 IST">
          <params>
            <param index="0">
              <value>
                <![CDATA[Search for a bus]]>
              </value>
            </param>
          </params>
          <reporter-output>
          </reporter-output>
        </test-method> <!-- feature -->
        <test-method status="PASS" signature="testclosure(org.testng.ITestResult)[pri:0, instance:runnerfiles.TestRunner@1445d7f]" name="testclosure" is-config="true" duration-ms="3" started-at="2020-03-06T12:14:17 IST" finished-at="2020-03-06T12:14:17 IST">
          <params>
            <param index="0">
              <value>
                <![CDATA[[TestResult name=feature status=SUCCESS method=TestRunner.feature(cucumber.api.testng.CucumberFeatureWrapper)[pri:0, instance:runnerfiles.TestRunner@1445d7f] output={null}]]]>
              </value>
            </param>
          </params>
          <reporter-output>
          </reporter-output>
        </test-method> <!-- testclosure -->
        <test-method status="PASS" signature="feature(cucumber.api.testng.CucumberFeatureWrapper)[pri:0, instance:runnerfiles.TestRunner@1445d7f]" name="feature" duration-ms="10675" started-at="2020-03-06T12:14:17 IST" description="Runs Cucumber Feature" data-provider="features" finished-at="2020-03-06T12:14:27 IST">
          <params>
            <param index="0">
              <value>
                <![CDATA[Main menu items of redbus app]]>
              </value>
            </param>
          </params>
          <reporter-output>
          </reporter-output>
        </test-method> <!-- feature -->
        <test-method status="PASS" signature="testclosure(org.testng.ITestResult)[pri:0, instance:runnerfiles.TestRunner@1445d7f]" name="testclosure" is-config="true" duration-ms="0" started-at="2020-03-06T12:14:27 IST" finished-at="2020-03-06T12:14:27 IST">
          <params>
            <param index="0">
              <value>
                <![CDATA[[TestResult name=feature status=SUCCESS method=TestRunner.feature(cucumber.api.testng.CucumberFeatureWrapper)[pri:0, instance:runnerfiles.TestRunner@1445d7f] output={null}]]]>
              </value>
            </param>
          </params>
          <reporter-output>
          </reporter-output>
        </test-method> <!-- testclosure -->
        <test-method status="PASS" signature="tearDownClass()[pri:0, instance:runnerfiles.TestRunner@1445d7f]" name="tearDownClass" is-config="true" duration-ms="2" started-at="2020-03-06T12:14:27 IST" finished-at="2020-03-06T12:14:27 IST">
          <reporter-output>
          </reporter-output>
        </test-method> <!-- tearDownClass -->
        <test-method status="PASS" signature="closeBrowser()[pri:0, instance:runnerfiles.TestRunner@1445d7f]" name="closeBrowser" is-config="true" duration-ms="1395" started-at="2020-03-06T12:14:27 IST" finished-at="2020-03-06T12:14:29 IST">
          <reporter-output>
          </reporter-output>
        </test-method> <!-- closeBrowser -->
        <test-method status="FAIL" signature="teardown()[pri:0, instance:runnerfiles.TestRunner@1445d7f]" name="teardown" is-config="true" duration-ms="725" started-at="2020-03-06T12:14:29 IST" finished-at="2020-03-06T12:14:29 IST">
          <exception class="org.openqa.selenium.NoSuchSessionException">
            <message>
              <![CDATA[Tried to run command without establishing a connection
Build info: version: '3.5.3', revision: 'a88d25fe6b', time: '2017-08-29T12:42:44.417Z'
System info: host: 'ANIL3148978', ip: '10.175.68.58', os.name: 'Windows 10', os.arch: 'amd64', os.version: '10.0', java.version: '1.8.0_241'
Driver info: org.openqa.selenium.firefox.FirefoxDriver
Capabilities [{moz:profile=C:\Users\anilrawat\AppData\Local\Temp\rust_mozprofilen7rl8o, rotatable=false, moz:geckodriverVersion=0.25.0, timeouts={implicit=0, pageLoad=300000, script=30000}, pageLoadStrategy=normal, unhandledPromptBehavior=dismiss and notify, strictFileInteractability=false, moz:headless=false, platform=XP, moz:accessibilityChecks=false, moz:useNonSpecCompliantPointerOrigin=false, acceptInsecureCerts=true, browserVersion=73.0.1, moz:shutdownTimeout=60000, platformVersion=10.0, moz:processID=73940, browserName=firefox, moz:buildID=20200217142647, javascriptEnabled=true, platformName=XP, setWindowRect=true, moz:webdriverClick=true}]
Session ID: 39990c09-499b-4e4a-971b-44cec997a4f1]]>
            </message>
            <full-stacktrace>
              <![CDATA[org.openqa.selenium.NoSuchSessionException: Tried to run command without establishing a connection
Build info: version: '3.5.3', revision: 'a88d25fe6b', time: '2017-08-29T12:42:44.417Z'
System info: host: 'ANIL3148978', ip: '10.175.68.58', os.name: 'Windows 10', os.arch: 'amd64', os.version: '10.0', java.version: '1.8.0_241'
Driver info: org.openqa.selenium.firefox.FirefoxDriver
Capabilities [{moz:profile=C:\Users\anilrawat\AppData\Local\Temp\rust_mozprofilen7rl8o, rotatable=false, moz:geckodriverVersion=0.25.0, timeouts={implicit=0, pageLoad=300000, script=30000}, pageLoadStrategy=normal, unhandledPromptBehavior=dismiss and notify, strictFileInteractability=false, moz:headless=false, platform=XP, moz:accessibilityChecks=false, moz:useNonSpecCompliantPointerOrigin=false, acceptInsecureCerts=true, browserVersion=73.0.1, moz:shutdownTimeout=60000, platformVersion=10.0, moz:processID=73940, browserName=firefox, moz:buildID=20200217142647, javascriptEnabled=true, platformName=XP, setWindowRect=true, moz:webdriverClick=true}]
Session ID: 39990c09-499b-4e4a-971b-44cec997a4f1
at sun.reflect.NativeConstructorAccessorImpl.newInstance0(Native Method)
at sun.reflect.NativeConstructorAccessorImpl.newInstance(Unknown Source)
at sun.reflect.DelegatingConstructorAccessorImpl.newInstance(Unknown Source)
at java.lang.reflect.Constructor.newInstance(Unknown Source)
at org.openqa.selenium.remote.http.W3CHttpResponseCodec.createException(W3CHttpResponseCodec.java:185)
at org.openqa.selenium.remote.http.W3CHttpResponseCodec.decode(W3CHttpResponseCodec.java:120)
at org.openqa.selenium.remote.http.W3CHttpResponseCodec.decode(W3CHttpResponseCodec.java:49)
at org.openqa.selenium.remote.HttpCommandExecutor.execute(HttpCommandExecutor.java:164)
at org.openqa.selenium.remote.service.DriverCommandExecutor.execute(DriverCommandExecutor.java:82)
at org.openqa.selenium.remote.RemoteWebDriver.execute(RemoteWebDriver.java:646)
at org.openqa.selenium.remote.RemoteWebDriver.execute(RemoteWebDriver.java:703)
at org.openqa.selenium.remote.RemoteWebDriver.quit(RemoteWebDriver.java:542)
at runnerfiles.TestRunner.teardown(TestRunner.java:109)
at sun.reflect.NativeMethodAccessorImpl.invoke0(Native Method)
at sun.reflect.NativeMethodAccessorImpl.invoke(Unknown Source)
at sun.reflect.DelegatingMethodAccessorImpl.invoke(Unknown Source)
at java.lang.reflect.Method.invoke(Unknown Source)
at org.testng.internal.MethodInvocationHelper.invokeMethod(MethodInvocationHelper.java:133)
at org.testng.internal.MethodInvocationHelper.invokeMethodConsideringTimeout(MethodInvocationHelper.java:62)
at org.testng.internal.ConfigInvoker.invokeConfigurationMethod(ConfigInvoker.java:340)
at org.testng.internal.ConfigInvoker.invokeConfigurations(ConfigInvoker.java:294)
at org.testng.SuiteRunner.privateRun(SuiteRunner.java:369)
at org.testng.SuiteRunner.run(SuiteRunner.java:304)
at org.testng.SuiteRunnerWorker.runSuite(SuiteRunnerWorker.java:53)
at org.testng.SuiteRunnerWorker.run(SuiteRunnerWorker.java:96)
at org.testng.TestNG.runSuitesSequentially(TestNG.java:1180)
at org.testng.TestNG.runSuitesLocally(TestNG.java:1102)
at org.testng.TestNG.runSuites(TestNG.java:1032)
at org.testng.TestNG.run(TestNG.java:1000)
at org.testng.remote.AbstractRemoteTestNG.run(AbstractRemoteTestNG.java:115)
at org.testng.remote.RemoteTestNG.initAndRun(RemoteTestNG.java:251)
at org.testng.remote.RemoteTestNG.main(RemoteTestNG.java:77)
]]>
            </full-stacktrace>
          </exception> <!-- org.openqa.selenium.NoSuchSessionException -->
          <reporter-output>
          </reporter-output>
        </test-method> <!-- teardown -->
      </class> <!-- runnerfiles.TestRunner -->
    </test> <!-- Default test -->
  </suite> <!-- Default suite -->
</testng-results>
